build/outputs/logs/manifest-merger-debug-report.txt
-- Merging decision tree log ---
manifest
ADDED from Desktop\GiseleBit Controller\AndroidManifest.xml:2:1-46:12
	package
		ADDED from Desktop\GiseleBit Controller\AndroidManifest.xml:3:11-55
	android:screenOrientation
		ADDED from Desktop\GiseleBit Controller\AndroidManifest.xml:6:9-45
	android:versionName
		ADDED from Desktop\GiseleBit Controller\AndroidManifest.xml:5:11-36
		INJECTED from Desktop\GiseleBit Controller\AndroidManifest.xml
		INJECTED from Desktop\GiseleBit Controller\AndroidManifest.xml
	android:versionCode
		ADDED from Desktop\GiseleBit Controller\AndroidManifest.xml:4:11-34
		INJECTED from Desktop\GiseleBit Controller\AndroidManifest.xml
		INJECTED from Desktop\GiseleBit Controller\AndroidManifest.xml
	xmlns:android
		ADDED from Desktop\GiseleBit Controller\AndroidManifest.xml:2:11-69
uses-feature#android.hardware.microphone
ADDED from Desktop\GiseleBit Controller\AndroidManifest.xml:8:5-10:39
	android:required
		ADDED from Desktop\GiseleBit Controller\AndroidManifest.xml:10:13-37
	android:name
		ADDED from Desktop\GiseleBit Controller\AndroidManifest.xml:9:13-55
uses-permission#android.permission.INTERNET
ADDED from Desktop\GiseleBit Controller\AndroidManifest.xml:12:5-66
	android:name
		ADDED from Desktop\GiseleBit Controller\AndroidManifest.xml:12:22-64
uses-permission#android.permission.RECORD_AUDIO
ADDED from Desktop\GiseleBit Controller\AndroidManifest.xml:13:5-70
	android:name
		ADDED from Desktop\GiseleBit Controller\AndroidManifest.xml:13:22-68
uses-permission#android.permission.MODIFY_AUDIO_SETTINGS
ADDED from Desktop\GiseleBit Controller\AndroidManifest.xml:14:5-79
	android:name
		ADDED from Desktop\GiseleBit Controller\AndroidManifest.xml:14:22-77
uses-permission#android.permission.READ_PHONE_STATE
ADDED from Desktop\GiseleBit Controller\AndroidManifest.xml:15:5-74
	android:name
		ADDED from Desktop\GiseleBit Controller\AndroidManifest.xml:15:22-72
uses-permission#android.permission.ACCESS_NETWORK_STATE
ADDED from Desktop\GiseleBit Controller\AndroidManifest.xml:16:5-78
	android:name
		ADDED from Desktop\GiseleBit Controller\AndroidManifest.xml:16:22-76
uses-permission#android.permission.CAMERA
ADDED from Desktop\GiseleBit Controller\AndroidManifest.xml:17:5-64
	android:name
		ADDED from Desktop\GiseleBit Controller\AndroidManifest.xml:17:22-62
uses-sdk
ADDED from Desktop\GiseleBit Controller\AndroidManifest.xml:19:5-21:44
MERGED from [com.android.support:appcompat-v7:23.0.1] AndroidManifest.xml:20:5-43
MERGED from [com.android.support:support-v4:23.0.1] AndroidManifest.xml:20:5-43
	android:targetSdkVersion
		ADDED from Desktop\GiseleBit Controller\AndroidManifest.xml:21:13-42
		INJECTED from Desktop\GiseleBit Controller\AndroidManifest.xml
		INJECTED from Desktop\GiseleBit Controller\AndroidManifest.xml
	android:minSdkVersion
		ADDED from Desktop\GiseleBit Controller\AndroidManifest.xml:20:13-38
		INJECTED from Desktop\GiseleBit Controller\AndroidManifest.xml
		INJECTED from Desktop\GiseleBit Controller\AndroidManifest.xml
application
ADDED from Desktop\GiseleBit Controller\AndroidManifest.xml:23:5-44:19
MERGED from [com.android.support:appcompat-v7:23.0.1] AndroidManifest.xml:22:5-20
MERGED from [com.android.support:support-v4:23.0.1] AndroidManifest.xml:22:5-20
	android:label
		ADDED from Desktop\GiseleBit Controller\AndroidManifest.xml:27:13-45
	android:allowBackup
		ADDED from Desktop\GiseleBit Controller\AndroidManifest.xml:25:13-39
	android:icon
		ADDED from Desktop\GiseleBit Controller\AndroidManifest.xml:26:13-42
	android:theme
		ADDED from Desktop\GiseleBit Controller\AndroidManifest.xml:28:13-44
service#com.sinch.android.rtc.sample.video.SinchService
ADDED from Desktop\GiseleBit Controller\AndroidManifest.xml:29:9-57
	android:name
		ADDED from Desktop\GiseleBit Controller\AndroidManifest.xml:29:18-46
activity#com.sinch.android.rtc.sample.video.LoginActivity
ADDED from Desktop\GiseleBit Controller\AndroidManifest.xml:30:9-38:20
	android:screenOrientation
		ADDED from Desktop\GiseleBit Controller\AndroidManifest.xml:33:17-53
	android:label
		ADDED from Desktop\GiseleBit Controller\AndroidManifest.xml:32:17-49
	android:name
		ADDED from Desktop\GiseleBit Controller\AndroidManifest.xml:31:17-46
intent-filter#android.intent.action.MAIN+android.intent.category.LAUNCHER
ADDED from Desktop\GiseleBit Controller\AndroidManifest.xml:34:13-37:29
action#android.intent.action.MAIN
ADDED from Desktop\GiseleBit Controller\AndroidManifest.xml:35:17-68
	android:name
		ADDED from Desktop\GiseleBit Controller\AndroidManifest.xml:35:25-66
category#android.intent.category.LAUNCHER
ADDED from Desktop\GiseleBit Controller\AndroidManifest.xml:36:17-76
	android:name
		ADDED from Desktop\GiseleBit Controller\AndroidManifest.xml:36:27-74
activity#com.sinch.android.rtc.sample.video.CallScreenActivity
ADDED from Desktop\GiseleBit Controller\AndroidManifest.xml:39:9-92
	android:screenOrientation
		ADDED from Desktop\GiseleBit Controller\AndroidManifest.xml:39:54-90
	android:name
		ADDED from Desktop\GiseleBit Controller\AndroidManifest.xml:39:19-53
activity#com.sinch.android.rtc.sample.video.IncomingCallScreenActivity
ADDED from Desktop\GiseleBit Controller\AndroidManifest.xml:40:9-41:45
	android:screenOrientation
		ADDED from Desktop\GiseleBit Controller\AndroidManifest.xml:40:62-98
	android:noHistory
		ADDED from Desktop\GiseleBit Controller\AndroidManifest.xml:41:19-43
	android:name
		ADDED from Desktop\GiseleBit Controller\AndroidManifest.xml:40:19-61
activity#com.sinch.android.rtc.sample.video.PlaceCallActivity
ADDED from Desktop\GiseleBit Controller\AndroidManifest.xml:42:9-91
	android:screenOrientation
		ADDED from Desktop\GiseleBit Controller\AndroidManifest.xml:42:53-89
	android:name
		ADDED from Desktop\GiseleBit Controller\AndroidManifest.xml:42:19-52
activity#com.sinch.android.rtc.sample.video.Settings
ADDED from Desktop\GiseleBit Controller\AndroidManifest.xml:43:9-82
	android:screenOrientation
		ADDED from Desktop\GiseleBit Controller\AndroidManifest.xml:43:44-80
	android:name
		ADDED from Desktop\GiseleBit Controller\AndroidManifest.xml:43:19-43